<testsuite errors="0" failures="0" name="Django Project Tests" skips="0" tests="2" time="0.020"><testcase classname="core.tests.test_home.HomeTest" name="test_get" time="0.016111" /><testcase classname="core.tests.test_home.HomeTest" name="test_template" time="0.002883" /></testsuite>